<?xml version="1.0" encoding="UTF-8"?>
<testng-results skipped="0" failed="0" ignored="0" total="4" passed="4">
  <reporter-output>
  </reporter-output>
  <suite name="Default suite" duration-ms="7132" started-at="2019-10-26T01:10:47Z" finished-at="2019-10-26T01:10:54Z">
    <groups>
    </groups>
    <test name="Default test" duration-ms="7132" started-at="2019-10-26T01:10:47Z" finished-at="2019-10-26T01:10:54Z">
      <class name="testcases.TC5_DELETEREQUEST">
        <test-method status="PASS" signature="setUp()[pri:0, instance:testcases.TC5_DELETEREQUEST@4f7d0008]" name="setUp" is-config="true" duration-ms="101" started-at="2019-10-26T01:10:47Z" finished-at="2019-10-26T01:10:47Z">
          <reporter-output>
          </reporter-output>
        </test-method> <!-- setUp -->
        <test-method status="PASS" signature="deleteRequest()[pri:0, instance:testcases.TC5_DELETEREQUEST@4f7d0008]" name="deleteRequest" is-config="true" duration-ms="6883" started-at="2019-10-26T01:10:47Z" finished-at="2019-10-26T01:10:54Z">
          <reporter-output>
          </reporter-output>
        </test-method> <!-- deleteRequest -->
        <test-method status="PASS" signature="checkContentType()[pri:0, instance:testcases.TC5_DELETEREQUEST@4f7d0008]" name="checkContentType" duration-ms="38" started-at="2019-10-26T01:10:54Z" finished-at="2019-10-26T01:10:54Z">
          <reporter-output>
          </reporter-output>
        </test-method> <!-- checkContentType -->
        <test-method status="PASS" signature="checkResposeBody()[pri:0, instance:testcases.TC5_DELETEREQUEST@4f7d0008]" name="checkResposeBody" duration-ms="2" started-at="2019-10-26T01:10:54Z" finished-at="2019-10-26T01:10:54Z">
          <reporter-output>
          </reporter-output>
        </test-method> <!-- checkResposeBody -->
        <test-method status="PASS" signature="checkStatusCode()[pri:0, instance:testcases.TC5_DELETEREQUEST@4f7d0008]" name="checkStatusCode" duration-ms="8" started-at="2019-10-26T01:10:54Z" finished-at="2019-10-26T01:10:54Z">
          <reporter-output>
          </reporter-output>
        </test-method> <!-- checkStatusCode -->
        <test-method status="PASS" signature="checkstatusLine()[pri:0, instance:testcases.TC5_DELETEREQUEST@4f7d0008]" name="checkstatusLine" duration-ms="4" started-at="2019-10-26T01:10:54Z" finished-at="2019-10-26T01:10:54Z">
          <reporter-output>
          </reporter-output>
        </test-method> <!-- checkstatusLine -->
      </class> <!-- testcases.TC5_DELETEREQUEST -->
    </test> <!-- Default test -->
  </suite> <!-- Default suite -->
</testng-results>
