<?xml version="1.0" encoding="UTF-8"?>
<!-- Generated by org.testng.reporters.JUnitXMLReporter -->
<testsuite hostname="DESKTOP-2I6CRDI" ignored="0" name="Default test" tests="4" failures="0" timestamp="26 Oct 2019 01:10:54 GMT" time="7.132" errors="0">
  <testcase name="checkContentType" time="0.038" classname="testcases.TC5_DELETEREQUEST"/>
  <testcase name="checkResposeBody" time="0.002" classname="testcases.TC5_DELETEREQUEST"/>
  <testcase name="checkStatusCode" time="0.008" classname="testcases.TC5_DELETEREQUEST"/>
  <testcase name="checkstatusLine" time="0.004" classname="testcases.TC5_DELETEREQUEST"/>
</testsuite> <!-- Default test -->
